Build started 10/18/2018 4:19:28 PM.
     1>Project "C:\Users\haptic\Documents\Visual Studio 2010\Projects\Haptic\gradGroupProject\gradGroupProject\gradGroupProject.vcxproj" on node 2 (build target(s)).
     1>InitializeBuildStatus:
         Creating "x64\Debug\gradGroupProject.unsuccessfulbuild" because "AlwaysCreate" was specified.
       ClCompile:
         C:\Program Files (x86)\Microsoft Visual Studio 10.0\VC\bin\x86_amd64\CL.exe /c /Zi /nologo /W3 /WX- /Od /D WIN32 /D _DEBUG /D _CONSOLE /D _UNICODE /D UNICODE /Gm /EHsc /RTC1 /MDd /GS /fp:precise /Zc:wchar_t /Zc:forScope /Fo"x64\Debug\\" /Fd"x64\Debug\vc100.pdb" /Gd /TP /errorReport:prompt ..\..\..\..\..\..\Downloads\GroupProject\TangibleVirtualObject\TangibleVirtualObject.cpp
         TangibleVirtualObject.cpp
       ManifestResourceCompile:
         All outputs are up-to-date.
       Link:
         C:\Program Files (x86)\Microsoft Visual Studio 10.0\VC\bin\x86_amd64\link.exe /ERRORREPORT:PROMPT /OUT:"C:\Users\haptic\Documents\Visual Studio 2010\Projects\Haptic\gradGroupProject\x64\Debug\gradGroupProject.exe" /INCREMENTAL /NOLOGO hd.lib hl.lib glut32.lib HLU.lib HDU.lib kernel32.lib user32.lib gdi32.lib winspool.lib comdlg32.lib advapi32.lib shell32.lib ole32.lib oleaut32.lib uuid.lib odbc32.lib odbccp32.lib /MANIFEST /ManifestFile:"x64\Debug\gradGroupProject.exe.intermediate.manifest" /MANIFESTUAC:"level='asInvoker' uiAccess='false'" /DEBUG /PDB:"C:\Users\haptic\Documents\Visual Studio 2010\Projects\Haptic\gradGroupProject\x64\Debug\gradGroupProject.pdb" /SUBSYSTEM:CONSOLE /TLBID:1 /DYNAMICBASE /NXCOMPAT /IMPLIB:"C:\Users\haptic\Documents\Visual Studio 2010\Projects\Haptic\gradGroupProject\x64\Debug\gradGroupProject.lib" /MACHINE:X64 x64\Debug\gradGroupProject.exe.embed.manifest.res
         x64\Debug\objloader.obj
         x64\Debug\TangibleVirtualObject.obj
         gradGroupProject.vcxproj -> C:\Users\haptic\Documents\Visual Studio 2010\Projects\Haptic\gradGroupProject\x64\Debug\gradGroupProject.exe
       Manifest:
         C:\Program Files (x86)\Microsoft SDKs\Windows\v7.0A\bin\mt.exe /nologo /verbose /out:"x64\Debug\gradGroupProject.exe.embed.manifest" /manifest x64\Debug\gradGroupProject.exe.intermediate.manifest
         All outputs are up-to-date.
       LinkEmbedManifest:
         All outputs are up-to-date.
         gradGroupProject.vcxproj -> C:\Users\haptic\Documents\Visual Studio 2010\Projects\Haptic\gradGroupProject\x64\Debug\gradGroupProject.exe
       FinalizeBuildStatus:
         Deleting file "x64\Debug\gradGroupProject.unsuccessfulbuild".
         Touching "x64\Debug\gradGroupProject.lastbuildstate".
     1>Done Building Project "C:\Users\haptic\Documents\Visual Studio 2010\Projects\Haptic\gradGroupProject\gradGroupProject\gradGroupProject.vcxproj" (build target(s)).

Build succeeded.

Time Elapsed 00:00:01.24
